20:47:02,302INFO com.example.demo.DemoApplication (48) - Starting DemoApplication on PC-20180315KZYH with PID 4352 (D:\idea\demo\target\classes started by Administrator in D:\idea\demo)
20:47:02,305INFO com.example.demo.DemoApplication (593) - No active profile set, falling back to default profiles: default
20:47:02,382INFO org.hibernate.validator.internal.util.Version (30) - HV000001: Hibernate Validator 5.3.6.Final
20:47:02,491INFO org.springframework.boot.context.embedded.AnnotationConfigEmbeddedWebApplicationContext (583) - Refreshing org.springframework.boot.context.embedded.AnnotationConfigEmbeddedWebApplicationContext@10d307f1: startup date [Wed May 23 20:47:02 CST 2018]; root of context hierarchy
20:47:02,951INFO org.springframework.beans.factory.support.DefaultListableBeanFactory (828) - Overriding bean definition for bean 'managementServletContext' with a different definition: replacing [Root bean: class [null]; scope=; abstract=false; lazyInit=false; autowireMode=3; dependencyCheck=0; autowireCandidate=true; primary=false; factoryBeanName=org.springframework.boot.actuate.autoconfigure.EndpointWebMvcHypermediaManagementContextConfiguration; factoryMethodName=managementServletContext; initMethodName=null; destroyMethodName=(inferred); defined in class path resource [org/springframework/boot/actuate/autoconfigure/EndpointWebMvcHypermediaManagementContextConfiguration.class]] with [Root bean: class [null]; scope=; abstract=false; lazyInit=false; autowireMode=3; dependencyCheck=0; autowireCandidate=true; primary=false; factoryBeanName=org.springframework.boot.actuate.autoconfigure.EndpointWebMvcAutoConfiguration; factoryMethodName=managementServletContext; initMethodName=null; destroyMethodName=(inferred); defined in class path resource [org/springframework/boot/actuate/autoconfigure/EndpointWebMvcAutoConfiguration.class]]
20:47:03,227INFO org.springframework.context.support.PostProcessorRegistrationDelegate$BeanPostProcessorChecker (327) - Bean 'org.springframework.ws.config.annotation.DelegatingWsConfiguration' of type [org.springframework.ws.config.annotation.DelegatingWsConfiguration$$EnhancerBySpringCGLIB$$6208f3d8] is not eligible for getting processed by all BeanPostProcessors (for example: not eligible for auto-proxying)
20:47:03,249INFO org.springframework.ws.soap.addressing.server.AnnotationActionEndpointMapping (236) - Supporting [WS-Addressing August 2004, WS-Addressing 1.0]
20:47:03,261INFO org.springframework.context.support.PostProcessorRegistrationDelegate$BeanPostProcessorChecker (327) - Bean 'org.springframework.transaction.annotation.ProxyTransactionManagementConfiguration' of type [org.springframework.transaction.annotation.ProxyTransactionManagementConfiguration$$EnhancerBySpringCGLIB$$bd712ed9] is not eligible for getting processed by all BeanPostProcessors (for example: not eligible for auto-proxying)
20:47:03,514INFO org.springframework.boot.context.embedded.tomcat.TomcatEmbeddedServletContainer (92) - Tomcat initialized with port(s): 8010 (http)
20:47:03,525INFO org.apache.coyote.http11.Http11NioProtocol (180) - Initializing ProtocolHandler ["http-nio-8010"]
20:47:03,534INFO org.apache.catalina.core.StandardService (180) - Starting service [Tomcat]
20:47:03,534INFO org.apache.catalina.core.StandardEngine (180) - Starting Servlet Engine: Apache Tomcat/8.5.29
20:47:03,657INFO org.apache.catalina.core.ContainerBase.[Tomcat].[localhost].[/] (180) - Initializing Spring embedded WebApplicationContext
20:47:03,657INFO org.springframework.web.context.ContextLoader (276) - Root WebApplicationContext: initialization completed in 1168 ms
20:47:03,866INFO org.springframework.boot.web.servlet.FilterRegistrationBean (258) - Mapping filter: 'metricsFilter' to: [/*]
20:47:03,867INFO org.springframework.boot.web.servlet.FilterRegistrationBean (258) - Mapping filter: 'characterEncodingFilter' to: [/*]
20:47:03,867INFO org.springframework.boot.web.servlet.FilterRegistrationBean (258) - Mapping filter: 'hiddenHttpMethodFilter' to: [/*]
20:47:03,867INFO org.springframework.boot.web.servlet.FilterRegistrationBean (258) - Mapping filter: 'httpPutFormContentFilter' to: [/*]
20:47:03,867INFO org.springframework.boot.web.servlet.FilterRegistrationBean (258) - Mapping filter: 'requestContextFilter' to: [/*]
20:47:03,868INFO org.springframework.boot.web.servlet.DelegatingFilterProxyRegistrationBean (258) - Mapping filter: 'springSecurityFilterChain' to: [/*]
20:47:03,868INFO org.springframework.boot.web.servlet.FilterRegistrationBean (258) - Mapping filter: 'webRequestLoggingFilter' to: [/*]
20:47:03,869INFO org.springframework.boot.web.servlet.FilterRegistrationBean (258) - Mapping filter: 'applicationContextIdFilter' to: [/*]
20:47:03,869INFO org.springframework.boot.web.servlet.ServletRegistrationBean (190) - Mapping servlet: 'dispatcherServlet' to [/]
20:47:03,869INFO org.springframework.boot.web.servlet.ServletRegistrationBean (190) - Mapping servlet: 'messageDispatcherServlet' to [/services/*]
20:47:04,484INFO org.springframework.web.servlet.mvc.method.annotation.RequestMappingHandlerAdapter (534) - Looking for @ControllerAdvice: org.springframework.boot.context.embedded.AnnotationConfigEmbeddedWebApplicationContext@10d307f1: startup date [Wed May 23 20:47:02 CST 2018]; root of context hierarchy
20:47:04,492INFO org.springframework.web.servlet.mvc.method.annotation.RequestMappingHandlerAdapter (566) - Detected ResponseBodyAdvice bean in org.springframework.boot.actuate.autoconfigure.EndpointWebMvcHypermediaManagementContextConfiguration$ActuatorEndpointLinksAdvice
20:47:04,526INFO org.springframework.web.servlet.mvc.method.annotation.RequestMappingHandlerMapping (543) - Mapped "{[/hello],methods=[GET]}" onto public java.lang.String com.example.demo.controller.controllerImpl.HelloControllerImpl.hello()
20:47:04,528INFO org.springframework.web.servlet.mvc.method.annotation.RequestMappingHandlerMapping (543) - Mapped "{[/uc/login],methods=[GET]}" onto public java.util.Map<java.lang.String, java.lang.Object> com.example.demo.controller.controllerImpl.UserControllerImpl.userLogin(java.lang.String,java.lang.String)
20:47:04,529INFO org.springframework.web.servlet.mvc.method.annotation.RequestMappingHandlerMapping (543) - Mapped "{[/error]}" onto public org.springframework.http.ResponseEntity<java.util.Map<java.lang.String, java.lang.Object>> org.springframework.boot.autoconfigure.web.BasicErrorController.error(javax.servlet.http.HttpServletRequest)
20:47:04,529INFO org.springframework.web.servlet.mvc.method.annotation.RequestMappingHandlerMapping (543) - Mapped "{[/error],produces=[text/html]}" onto public org.springframework.web.servlet.ModelAndView org.springframework.boot.autoconfigure.web.BasicErrorController.errorHtml(javax.servlet.http.HttpServletRequest,javax.servlet.http.HttpServletResponse)
20:47:04,555INFO org.springframework.web.servlet.handler.SimpleUrlHandlerMapping (362) - Mapped URL path [/webjars/**] onto handler of type [class org.springframework.web.servlet.resource.ResourceHttpRequestHandler]
20:47:04,555INFO org.springframework.web.servlet.handler.SimpleUrlHandlerMapping (362) - Mapped URL path [/**] onto handler of type [class org.springframework.web.servlet.resource.ResourceHttpRequestHandler]
20:47:04,555INFO org.springframework.web.servlet.handler.SimpleUrlHandlerMapping (362) - Mapped URL path [/actuator/] onto handler of type [class org.springframework.web.servlet.resource.ResourceHttpRequestHandler]
20:47:04,555INFO org.springframework.web.servlet.handler.SimpleUrlHandlerMapping (362) - Mapped URL path [/actuator/**] onto handler of type [class org.springframework.web.servlet.resource.ResourceHttpRequestHandler]
20:47:04,566INFO org.springframework.web.servlet.mvc.method.annotation.ExceptionHandlerExceptionResolver (280) - Detected ResponseBodyAdvice implementation in org.springframework.boot.actuate.autoconfigure.EndpointWebMvcHypermediaManagementContextConfiguration$ActuatorEndpointLinksAdvice
20:47:04,582INFO org.springframework.web.servlet.handler.SimpleUrlHandlerMapping (362) - Mapped URL path [/**/favicon.ico] onto handler of type [class org.springframework.web.servlet.resource.ResourceHttpRequestHandler]
20:47:04,723INFO org.springframework.boot.autoconfigure.security.AuthenticationManagerConfiguration (173) - 

Using default security password: ddaceea6-d7bc-400d-8f7b-e1767d93af88

20:47:04,754INFO org.springframework.security.web.DefaultSecurityFilterChain (43) - Creating filter chain: OrRequestMatcher [requestMatchers=[Ant [pattern='/css/**'], Ant [pattern='/js/**'], Ant [pattern='/images/**'], Ant [pattern='/webjars/**'], Ant [pattern='/**/favicon.ico'], Ant [pattern='/error']]], []
20:47:04,754INFO org.springframework.security.web.DefaultSecurityFilterChain (43) - Creating filter chain: org.springframework.boot.actuate.autoconfigure.ManagementWebSecurityAutoConfiguration$LazyEndpointPathRequestMatcher@6fc0bbc6, []
20:47:04,811INFO org.springframework.security.web.DefaultSecurityFilterChain (43) - Creating filter chain: OrRequestMatcher [requestMatchers=[Ant [pattern='/**']]], [org.springframework.security.web.context.request.async.WebAsyncManagerIntegrationFilter@4be0a27d, org.springframework.security.web.context.SecurityContextPersistenceFilter@2a02e34b, org.springframework.security.web.header.HeaderWriterFilter@43ecfeb5, org.springframework.security.web.authentication.logout.LogoutFilter@574059d5, org.springframework.security.web.authentication.www.BasicAuthenticationFilter@4a50d04a, org.springframework.security.web.savedrequest.RequestCacheAwareFilter@5b000fe6, org.springframework.security.web.servletapi.SecurityContextHolderAwareRequestFilter@4f379769, org.springframework.security.web.authentication.AnonymousAuthenticationFilter@5f366587, org.springframework.security.web.session.SessionManagementFilter@377874b4, org.springframework.security.web.access.ExceptionTranslationFilter@7061622, org.springframework.security.web.access.intercept.FilterSecurityInterceptor@1150d471]
20:47:04,873INFO org.springframework.boot.actuate.autoconfigure.CrshAutoConfiguration$CrshBootstrapBean (125) - Configuring property auth.spring.roles=ACTUATOR from properties
20:47:04,876INFO org.crsh.plugin.PluginManager (57) - Loaded plugin Plugin[type=SSHPlugin,interface=SSHPlugin]
20:47:04,877INFO org.crsh.plugin.PluginManager (57) - Loaded plugin Plugin[type=SSHInlinePlugin,interface=CommandPlugin]
20:47:04,877INFO org.crsh.plugin.PluginManager (57) - Loaded plugin Plugin[type=KeyAuthenticationPlugin,interface=KeyAuthenticationPlugin]
20:47:04,916INFO org.crsh.plugin.PluginManager (57) - Loaded plugin Plugin[type=CronPlugin,interface=CronPlugin]
20:47:04,919INFO org.crsh.plugin.PluginManager (57) - Loaded plugin Plugin[type=MailPlugin,interface=MailPlugin]
20:47:04,919INFO org.crsh.plugin.PluginManager (57) - Loaded plugin Plugin[type=CRaSHShellFactory,interface=ShellFactory]
20:47:04,920INFO org.crsh.plugin.PluginManager (57) - Loaded plugin Plugin[type=GroovyLanguageProxy,interface=Language]
20:47:04,921INFO org.crsh.plugin.PluginManager (57) - Loaded plugin Plugin[type=JavaLanguage,interface=Language]
20:47:04,921INFO org.crsh.plugin.PluginManager (57) - Loaded plugin Plugin[type=ScriptLanguage,interface=Language]
20:47:04,921INFO org.crsh.plugin.PluginManager (57) - Loaded plugin Plugin[type=JaasAuthenticationPlugin,interface=AuthenticationPlugin]
20:47:04,922INFO org.crsh.plugin.PluginManager (57) - Loaded plugin Plugin[type=SimpleAuthenticationPlugin,interface=AuthenticationPlugin]
20:47:04,924INFO org.springframework.boot.actuate.autoconfigure.CrshAutoConfiguration$CrshBootstrapBean (125) - Configuring property ssh.port=2000 from properties
20:47:04,924INFO org.springframework.boot.actuate.autoconfigure.CrshAutoConfiguration$CrshBootstrapBean (125) - Configuring property ssh.auth_timeout=600000 from properties
20:47:04,924INFO org.springframework.boot.actuate.autoconfigure.CrshAutoConfiguration$CrshBootstrapBean (125) - Configuring property ssh.idle_timeout=600000 from properties
20:47:04,924INFO org.springframework.boot.actuate.autoconfigure.CrshAutoConfiguration$CrshBootstrapBean (125) - Configuring property ssh.default_encoding=UTF-8 from properties
20:47:04,924INFO org.springframework.boot.actuate.autoconfigure.CrshAutoConfiguration$CrshBootstrapBean (125) - Configuring property auth=spring from properties
20:47:04,931INFO org.crsh.plugin.PluginManager (84) - Initialized plugin Plugin[type=KeyAuthenticationPlugin,interface=KeyAuthenticationPlugin]
20:47:04,932INFO org.crsh.plugin.PluginManager (84) - Initialized plugin Plugin[type=JaasAuthenticationPlugin,interface=AuthenticationPlugin]
20:47:04,932INFO org.crsh.plugin.PluginManager (84) - Initialized plugin Plugin[type=SimpleAuthenticationPlugin,interface=AuthenticationPlugin]
20:47:04,932INFO org.crsh.plugin.PluginManager (84) - Initialized plugin Plugin[type=AuthenticationManagerAdapter,interface=AuthenticationPlugin]
20:47:04,932INFO org.crsh.ssh.SSHPlugin (185) - Booting SSHD
20:47:04,938INFO org.crsh.plugin.PluginManager (84) - Initialized plugin Plugin[type=GroovyLanguageProxy,interface=Language]
20:47:04,938INFO org.crsh.plugin.PluginManager (84) - Initialized plugin Plugin[type=JavaLanguage,interface=Language]
20:47:04,939INFO org.crsh.plugin.PluginManager (84) - Initialized plugin Plugin[type=ScriptLanguage,interface=Language]
20:47:04,942INFO org.crsh.plugin.PluginManager (84) - Initialized plugin Plugin[type=CRaSHShellFactory,interface=ShellFactory]
20:47:04,983INFO org.apache.sshd.common.util.SecurityUtils (113) - Trying to register BouncyCastle as a JCE provider
20:47:05,246INFO org.apache.sshd.common.util.SecurityUtils (117) - Registration succeeded
20:47:05,284INFO org.crsh.ssh.term.SSHLifeCycle (184) - About to start CRaSSHD
20:47:05,296INFO org.crsh.ssh.term.SSHLifeCycle (187) - CRaSSHD started on port 2000
20:47:05,296INFO org.crsh.plugin.PluginManager (84) - Initialized plugin Plugin[type=SSHPlugin,interface=SSHPlugin]
20:47:05,296INFO org.crsh.plugin.PluginManager (84) - Initialized plugin Plugin[type=SSHInlinePlugin,interface=CommandPlugin]
20:47:05,297INFO org.crsh.plugin.PluginManager (84) - Initialized plugin Plugin[type=CronPlugin,interface=CronPlugin]
20:47:05,297INFO org.crsh.plugin.PluginManager (84) - Initialized plugin Plugin[type=MailPlugin,interface=MailPlugin]
20:47:05,500INFO org.springframework.boot.actuate.endpoint.mvc.EndpointHandlerMapping (543) - Mapped "{[/env/{name:.*}],methods=[GET],produces=[application/vnd.spring-boot.actuator.v1+json || application/json]}" onto public java.lang.Object org.springframework.boot.actuate.endpoint.mvc.EnvironmentMvcEndpoint.value(java.lang.String)
20:47:05,500INFO org.springframework.boot.actuate.endpoint.mvc.EndpointHandlerMapping (543) - Mapped "{[/env || /env.json],methods=[GET],produces=[application/vnd.spring-boot.actuator.v1+json || application/json]}" onto public java.lang.Object org.springframework.boot.actuate.endpoint.mvc.EndpointMvcAdapter.invoke()
20:47:05,501INFO org.springframework.boot.actuate.endpoint.mvc.EndpointHandlerMapping (543) - Mapped "{[/info || /info.json],methods=[GET],produces=[application/vnd.spring-boot.actuator.v1+json || application/json]}" onto public java.lang.Object org.springframework.boot.actuate.endpoint.mvc.EndpointMvcAdapter.invoke()
20:47:05,501INFO org.springframework.boot.actuate.endpoint.mvc.EndpointHandlerMapping (543) - Mapped "{[/autoconfig || /autoconfig.json],methods=[GET],produces=[application/vnd.spring-boot.actuator.v1+json || application/json]}" onto public java.lang.Object org.springframework.boot.actuate.endpoint.mvc.EndpointMvcAdapter.invoke()
20:47:05,502INFO org.springframework.boot.actuate.endpoint.mvc.EndpointHandlerMapping (543) - Mapped "{[/logfile || /logfile.json],methods=[GET || HEAD]}" onto public void org.springframework.boot.actuate.endpoint.mvc.LogFileMvcEndpoint.invoke(javax.servlet.http.HttpServletRequest,javax.servlet.http.HttpServletResponse) throws javax.servlet.ServletException,java.io.IOException
20:47:05,502INFO org.springframework.boot.actuate.endpoint.mvc.EndpointHandlerMapping (543) - Mapped "{[/beans || /beans.json],methods=[GET],produces=[application/vnd.spring-boot.actuator.v1+json || application/json]}" onto public java.lang.Object org.springframework.boot.actuate.endpoint.mvc.EndpointMvcAdapter.invoke()
20:47:05,503INFO org.springframework.boot.actuate.endpoint.mvc.EndpointHandlerMapping (543) - Mapped "{[/auditevents || /auditevents.json],methods=[GET],produces=[application/vnd.spring-boot.actuator.v1+json || application/json]}" onto public org.springframework.http.ResponseEntity<?> org.springframework.boot.actuate.endpoint.mvc.AuditEventsMvcEndpoint.findByPrincipalAndAfterAndType(java.lang.String,java.util.Date,java.lang.String)
20:47:05,504INFO org.springframework.boot.actuate.endpoint.mvc.EndpointHandlerMapping (543) - Mapped "{[/trace || /trace.json],methods=[GET],produces=[application/vnd.spring-boot.actuator.v1+json || application/json]}" onto public java.lang.Object org.springframework.boot.actuate.endpoint.mvc.EndpointMvcAdapter.invoke()
20:47:05,505INFO org.springframework.boot.actuate.endpoint.mvc.EndpointHandlerMapping (543) - Mapped "{[/configprops || /configprops.json],methods=[GET],produces=[application/vnd.spring-boot.actuator.v1+json || application/json]}" onto public java.lang.Object org.springframework.boot.actuate.endpoint.mvc.EndpointMvcAdapter.invoke()
20:47:05,505INFO org.springframework.boot.actuate.endpoint.mvc.EndpointHandlerMapping (543) - Mapped "{[/actuator || /actuator.json],produces=[text/html]}" onto public java.lang.String org.springframework.boot.actuate.endpoint.mvc.HalBrowserMvcEndpoint.browse(javax.servlet.http.HttpServletRequest)
20:47:05,506INFO org.springframework.boot.actuate.endpoint.mvc.EndpointHandlerMapping (543) - Mapped "{[/actuator || /actuator.json],methods=[GET],produces=[application/vnd.spring-boot.actuator.v1+json || application/json]}" onto public org.springframework.hateoas.ResourceSupport org.springframework.boot.actuate.endpoint.mvc.HalJsonMvcEndpoint.links()
20:47:05,506INFO org.springframework.boot.actuate.endpoint.mvc.EndpointHandlerMapping (543) - Mapped "{[/dump || /dump.json],methods=[GET],produces=[application/vnd.spring-boot.actuator.v1+json || application/json]}" onto public java.lang.Object org.springframework.boot.actuate.endpoint.mvc.EndpointMvcAdapter.invoke()
20:47:05,506INFO org.springframework.boot.actuate.endpoint.mvc.EndpointHandlerMapping (543) - Mapped "{[/health || /health.json],methods=[GET],produces=[application/vnd.spring-boot.actuator.v1+json || application/json]}" onto public java.lang.Object org.springframework.boot.actuate.endpoint.mvc.HealthMvcEndpoint.invoke(javax.servlet.http.HttpServletRequest,java.security.Principal)
20:47:05,507INFO org.springframework.boot.actuate.endpoint.mvc.EndpointHandlerMapping (543) - Mapped "{[/kev/met/{name:.*}],methods=[GET],produces=[application/vnd.spring-boot.actuator.v1+json || application/json]}" onto public java.lang.Object org.springframework.boot.actuate.endpoint.mvc.MetricsMvcEndpoint.value(java.lang.String)
20:47:05,507INFO org.springframework.boot.actuate.endpoint.mvc.EndpointHandlerMapping (543) - Mapped "{[/kev/met || /kev/met.json],methods=[GET],produces=[application/vnd.spring-boot.actuator.v1+json || application/json]}" onto public java.lang.Object org.springframework.boot.actuate.endpoint.mvc.EndpointMvcAdapter.invoke()
20:47:05,507INFO org.springframework.boot.actuate.endpoint.mvc.EndpointHandlerMapping (543) - Mapped "{[/mappings || /mappings.json],methods=[GET],produces=[application/vnd.spring-boot.actuator.v1+json || application/json]}" onto public java.lang.Object org.springframework.boot.actuate.endpoint.mvc.EndpointMvcAdapter.invoke()
20:47:05,509INFO org.springframework.boot.actuate.endpoint.mvc.EndpointHandlerMapping (543) - Mapped "{[/loggers/{name:.*}],methods=[GET],produces=[application/vnd.spring-boot.actuator.v1+json || application/json]}" onto public java.lang.Object org.springframework.boot.actuate.endpoint.mvc.LoggersMvcEndpoint.get(java.lang.String)
20:47:05,509INFO org.springframework.boot.actuate.endpoint.mvc.EndpointHandlerMapping (543) - Mapped "{[/loggers/{name:.*}],methods=[POST],consumes=[application/vnd.spring-boot.actuator.v1+json || application/json],produces=[application/vnd.spring-boot.actuator.v1+json || application/json]}" onto public java.lang.Object org.springframework.boot.actuate.endpoint.mvc.LoggersMvcEndpoint.set(java.lang.String,java.util.Map<java.lang.String, java.lang.String>)
20:47:05,509INFO org.springframework.boot.actuate.endpoint.mvc.EndpointHandlerMapping (543) - Mapped "{[/loggers || /loggers.json],methods=[GET],produces=[application/vnd.spring-boot.actuator.v1+json || application/json]}" onto public java.lang.Object org.springframework.boot.actuate.endpoint.mvc.EndpointMvcAdapter.invoke()
20:47:05,509INFO org.springframework.boot.actuate.endpoint.mvc.EndpointHandlerMapping (543) - Mapped "{[/heapdump || /heapdump.json],methods=[GET],produces=[application/octet-stream]}" onto public void org.springframework.boot.actuate.endpoint.mvc.HeapdumpMvcEndpoint.invoke(boolean,javax.servlet.http.HttpServletRequest,javax.servlet.http.HttpServletResponse) throws java.io.IOException,javax.servlet.ServletException
20:47:05,634WARN org.springframework.boot.starter.remote.shell.RemoteShellStarterDeprecatedWarningAutoConfiguration (43) - spring-boot-starter-remote-shell is deprecated as of Spring Boot 1.5 and will be removed in Spring Boot 2.0
20:47:05,672INFO org.springframework.jmx.export.annotation.AnnotationMBeanExporter (431) - Registering beans for JMX exposure on startup
20:47:05,677INFO org.springframework.boot.actuate.endpoint.jmx.EndpointMBeanExporter (431) - Registering beans for JMX exposure on startup
20:47:05,681INFO org.springframework.context.support.DefaultLifecycleProcessor (341) - Starting beans in phase 0
20:47:05,682INFO org.springframework.boot.actuate.endpoint.jmx.EndpointMBeanExporter (679) - Located managed bean 'auditEventsEndpoint': registering with JMX server as MBean [org.springframework.boot:type=Endpoint,name=auditEventsEndpoint]
20:47:05,692INFO org.springframework.boot.actuate.endpoint.jmx.EndpointMBeanExporter (679) - Located managed bean 'requestMappingEndpoint': registering with JMX server as MBean [org.springframework.boot:type=Endpoint,name=requestMappingEndpoint]
20:47:05,699INFO org.springframework.boot.actuate.endpoint.jmx.EndpointMBeanExporter (679) - Located managed bean 'environmentEndpoint': registering with JMX server as MBean [org.springframework.boot:type=Endpoint,name=environmentEndpoint]
20:47:05,702INFO org.springframework.boot.actuate.endpoint.jmx.EndpointMBeanExporter (679) - Located managed bean 'healthEndpoint': registering with JMX server as MBean [org.springframework.boot:type=Endpoint,name=healthEndpoint]
20:47:05,704INFO org.springframework.boot.actuate.endpoint.jmx.EndpointMBeanExporter (679) - Located managed bean 'beansEndpoint': registering with JMX server as MBean [org.springframework.boot:type=Endpoint,name=beansEndpoint]
20:47:05,706INFO org.springframework.boot.actuate.endpoint.jmx.EndpointMBeanExporter (679) - Located managed bean 'infoEndpoint': registering with JMX server as MBean [org.springframework.boot:type=Endpoint,name=infoEndpoint]
20:47:05,708INFO org.springframework.boot.actuate.endpoint.jmx.EndpointMBeanExporter (679) - Located managed bean 'loggersEndpoint': registering with JMX server as MBean [org.springframework.boot:type=Endpoint,name=loggersEndpoint]
20:47:05,711INFO org.springframework.boot.actuate.endpoint.jmx.EndpointMBeanExporter (679) - Located managed bean 'metricsEndpoint': registering with JMX server as MBean [org.springframework.boot:type=Endpoint,name=metricsEndpoint]
20:47:05,713INFO org.springframework.boot.actuate.endpoint.jmx.EndpointMBeanExporter (679) - Located managed bean 'traceEndpoint': registering with JMX server as MBean [org.springframework.boot:type=Endpoint,name=traceEndpoint]
20:47:05,714INFO org.springframework.boot.actuate.endpoint.jmx.EndpointMBeanExporter (679) - Located managed bean 'dumpEndpoint': registering with JMX server as MBean [org.springframework.boot:type=Endpoint,name=dumpEndpoint]
20:47:05,717INFO org.springframework.boot.actuate.endpoint.jmx.EndpointMBeanExporter (679) - Located managed bean 'autoConfigurationReportEndpoint': registering with JMX server as MBean [org.springframework.boot:type=Endpoint,name=autoConfigurationReportEndpoint]
20:47:05,718INFO org.springframework.boot.actuate.endpoint.jmx.EndpointMBeanExporter (679) - Located managed bean 'configurationPropertiesReportEndpoint': registering with JMX server as MBean [org.springframework.boot:type=Endpoint,name=configurationPropertiesReportEndpoint]
20:47:05,729INFO org.apache.coyote.http11.Http11NioProtocol (180) - Starting ProtocolHandler ["http-nio-8010"]
20:47:05,736INFO org.apache.tomcat.util.net.NioSelectorPool (180) - Using a shared selector for servlet write/read
20:47:05,746INFO org.springframework.boot.context.embedded.tomcat.TomcatEmbeddedServletContainer (216) - Tomcat started on port(s): 8010 (http)
20:47:05,750INFO com.example.demo.DemoApplication (57) - Started DemoApplication in 3.814 seconds (JVM running for 4.529)
20:48:13,792INFO com.example.demo.DemoApplication (48) - Starting DemoApplication on PC-20180315KZYH with PID 6580 (D:\idea\demo\target\classes started by Administrator in D:\idea\demo)
20:48:13,795INFO com.example.demo.DemoApplication (593) - No active profile set, falling back to default profiles: default
20:48:13,903INFO org.hibernate.validator.internal.util.Version (30) - HV000001: Hibernate Validator 5.3.6.Final
20:48:13,965INFO org.springframework.boot.context.embedded.AnnotationConfigEmbeddedWebApplicationContext (583) - Refreshing org.springframework.boot.context.embedded.AnnotationConfigEmbeddedWebApplicationContext@10d307f1: startup date [Wed May 23 20:48:13 CST 2018]; root of context hierarchy
20:48:14,419INFO org.springframework.beans.factory.support.DefaultListableBeanFactory (828) - Overriding bean definition for bean 'managementServletContext' with a different definition: replacing [Root bean: class [null]; scope=; abstract=false; lazyInit=false; autowireMode=3; dependencyCheck=0; autowireCandidate=true; primary=false; factoryBeanName=org.springframework.boot.actuate.autoconfigure.EndpointWebMvcHypermediaManagementContextConfiguration; factoryMethodName=managementServletContext; initMethodName=null; destroyMethodName=(inferred); defined in class path resource [org/springframework/boot/actuate/autoconfigure/EndpointWebMvcHypermediaManagementContextConfiguration.class]] with [Root bean: class [null]; scope=; abstract=false; lazyInit=false; autowireMode=3; dependencyCheck=0; autowireCandidate=true; primary=false; factoryBeanName=org.springframework.boot.actuate.autoconfigure.EndpointWebMvcAutoConfiguration; factoryMethodName=managementServletContext; initMethodName=null; destroyMethodName=(inferred); defined in class path resource [org/springframework/boot/actuate/autoconfigure/EndpointWebMvcAutoConfiguration.class]]
20:48:14,694INFO org.springframework.context.support.PostProcessorRegistrationDelegate$BeanPostProcessorChecker (327) - Bean 'org.springframework.ws.config.annotation.DelegatingWsConfiguration' of type [org.springframework.ws.config.annotation.DelegatingWsConfiguration$$EnhancerBySpringCGLIB$$3856d13f] is not eligible for getting processed by all BeanPostProcessors (for example: not eligible for auto-proxying)
20:48:14,718INFO org.springframework.ws.soap.addressing.server.AnnotationActionEndpointMapping (236) - Supporting [WS-Addressing August 2004, WS-Addressing 1.0]
20:48:14,730INFO org.springframework.context.support.PostProcessorRegistrationDelegate$BeanPostProcessorChecker (327) - Bean 'org.springframework.transaction.annotation.ProxyTransactionManagementConfiguration' of type [org.springframework.transaction.annotation.ProxyTransactionManagementConfiguration$$EnhancerBySpringCGLIB$$93bf0c40] is not eligible for getting processed by all BeanPostProcessors (for example: not eligible for auto-proxying)
20:48:14,995INFO org.springframework.boot.context.embedded.tomcat.TomcatEmbeddedServletContainer (92) - Tomcat initialized with port(s): 8010 (http)
20:48:15,006INFO org.apache.coyote.http11.Http11NioProtocol (180) - Initializing ProtocolHandler ["http-nio-8010"]
20:48:15,014INFO org.apache.catalina.core.StandardService (180) - Starting service [Tomcat]
20:48:15,014INFO org.apache.catalina.core.StandardEngine (180) - Starting Servlet Engine: Apache Tomcat/8.5.29
20:48:15,128INFO org.apache.catalina.core.ContainerBase.[Tomcat].[localhost].[/] (180) - Initializing Spring embedded WebApplicationContext
20:48:15,128INFO org.springframework.web.context.ContextLoader (276) - Root WebApplicationContext: initialization completed in 1165 ms
20:48:15,332INFO org.springframework.boot.web.servlet.FilterRegistrationBean (258) - Mapping filter: 'metricsFilter' to: [/*]
20:48:15,333INFO org.springframework.boot.web.servlet.FilterRegistrationBean (258) - Mapping filter: 'characterEncodingFilter' to: [/*]
20:48:15,333INFO org.springframework.boot.web.servlet.FilterRegistrationBean (258) - Mapping filter: 'hiddenHttpMethodFilter' to: [/*]
20:48:15,333INFO org.springframework.boot.web.servlet.FilterRegistrationBean (258) - Mapping filter: 'httpPutFormContentFilter' to: [/*]
20:48:15,333INFO org.springframework.boot.web.servlet.FilterRegistrationBean (258) - Mapping filter: 'requestContextFilter' to: [/*]
20:48:15,334INFO org.springframework.boot.web.servlet.DelegatingFilterProxyRegistrationBean (258) - Mapping filter: 'springSecurityFilterChain' to: [/*]
20:48:15,334INFO org.springframework.boot.web.servlet.FilterRegistrationBean (258) - Mapping filter: 'webRequestLoggingFilter' to: [/*]
20:48:15,334INFO org.springframework.boot.web.servlet.FilterRegistrationBean (258) - Mapping filter: 'applicationContextIdFilter' to: [/*]
20:48:15,335INFO org.springframework.boot.web.servlet.ServletRegistrationBean (190) - Mapping servlet: 'dispatcherServlet' to [/]
20:48:15,337INFO org.springframework.boot.web.servlet.ServletRegistrationBean (190) - Mapping servlet: 'messageDispatcherServlet' to [/services/*]
20:48:15,957INFO org.springframework.web.servlet.mvc.method.annotation.RequestMappingHandlerAdapter (534) - Looking for @ControllerAdvice: org.springframework.boot.context.embedded.AnnotationConfigEmbeddedWebApplicationContext@10d307f1: startup date [Wed May 23 20:48:13 CST 2018]; root of context hierarchy
20:48:15,965INFO org.springframework.web.servlet.mvc.method.annotation.RequestMappingHandlerAdapter (566) - Detected ResponseBodyAdvice bean in org.springframework.boot.actuate.autoconfigure.EndpointWebMvcHypermediaManagementContextConfiguration$ActuatorEndpointLinksAdvice
20:48:16,001INFO org.springframework.web.servlet.mvc.method.annotation.RequestMappingHandlerMapping (543) - Mapped "{[/hello],methods=[GET]}" onto public java.lang.String com.example.demo.controller.controllerImpl.HelloControllerImpl.hello()
20:48:16,003INFO org.springframework.web.servlet.mvc.method.annotation.RequestMappingHandlerMapping (543) - Mapped "{[/uc/login],methods=[GET]}" onto public java.util.Map<java.lang.String, java.lang.Object> com.example.demo.controller.controllerImpl.UserControllerImpl.userLogin(java.lang.String,java.lang.String)
20:48:16,004INFO org.springframework.web.servlet.mvc.method.annotation.RequestMappingHandlerMapping (543) - Mapped "{[/error]}" onto public org.springframework.http.ResponseEntity<java.util.Map<java.lang.String, java.lang.Object>> org.springframework.boot.autoconfigure.web.BasicErrorController.error(javax.servlet.http.HttpServletRequest)
20:48:16,005INFO org.springframework.web.servlet.mvc.method.annotation.RequestMappingHandlerMapping (543) - Mapped "{[/error],produces=[text/html]}" onto public org.springframework.web.servlet.ModelAndView org.springframework.boot.autoconfigure.web.BasicErrorController.errorHtml(javax.servlet.http.HttpServletRequest,javax.servlet.http.HttpServletResponse)
20:48:16,031INFO org.springframework.web.servlet.handler.SimpleUrlHandlerMapping (362) - Mapped URL path [/webjars/**] onto handler of type [class org.springframework.web.servlet.resource.ResourceHttpRequestHandler]
20:48:16,031INFO org.springframework.web.servlet.handler.SimpleUrlHandlerMapping (362) - Mapped URL path [/**] onto handler of type [class org.springframework.web.servlet.resource.ResourceHttpRequestHandler]
20:48:16,031INFO org.springframework.web.servlet.handler.SimpleUrlHandlerMapping (362) - Mapped URL path [/actuator/] onto handler of type [class org.springframework.web.servlet.resource.ResourceHttpRequestHandler]
20:48:16,031INFO org.springframework.web.servlet.handler.SimpleUrlHandlerMapping (362) - Mapped URL path [/actuator/**] onto handler of type [class org.springframework.web.servlet.resource.ResourceHttpRequestHandler]
20:48:16,043INFO org.springframework.web.servlet.mvc.method.annotation.ExceptionHandlerExceptionResolver (280) - Detected ResponseBodyAdvice implementation in org.springframework.boot.actuate.autoconfigure.EndpointWebMvcHypermediaManagementContextConfiguration$ActuatorEndpointLinksAdvice
20:48:16,059INFO org.springframework.web.servlet.handler.SimpleUrlHandlerMapping (362) - Mapped URL path [/**/favicon.ico] onto handler of type [class org.springframework.web.servlet.resource.ResourceHttpRequestHandler]
20:48:16,200INFO org.springframework.boot.autoconfigure.security.AuthenticationManagerConfiguration (173) - 

Using default security password: e31e5a64-9dd6-435f-9f57-bbca2522167e

20:48:16,231INFO org.springframework.security.web.DefaultSecurityFilterChain (43) - Creating filter chain: OrRequestMatcher [requestMatchers=[Ant [pattern='/css/**'], Ant [pattern='/js/**'], Ant [pattern='/images/**'], Ant [pattern='/webjars/**'], Ant [pattern='/**/favicon.ico'], Ant [pattern='/error']]], []
20:48:16,232INFO org.springframework.security.web.DefaultSecurityFilterChain (43) - Creating filter chain: org.springframework.boot.actuate.autoconfigure.ManagementWebSecurityAutoConfiguration$LazyEndpointPathRequestMatcher@25be445f, []
20:48:16,285INFO org.springframework.security.web.DefaultSecurityFilterChain (43) - Creating filter chain: OrRequestMatcher [requestMatchers=[Ant [pattern='/**']]], [org.springframework.security.web.context.request.async.WebAsyncManagerIntegrationFilter@526e8108, org.springframework.security.web.context.SecurityContextPersistenceFilter@306c7bf6, org.springframework.security.web.header.HeaderWriterFilter@707e4fe4, org.springframework.security.web.authentication.logout.LogoutFilter@5099c59b, org.springframework.security.web.authentication.www.BasicAuthenticationFilter@472d0f4, org.springframework.security.web.savedrequest.RequestCacheAwareFilter@494c8f29, org.springframework.security.web.servletapi.SecurityContextHolderAwareRequestFilter@7e1ffe70, org.springframework.security.web.authentication.AnonymousAuthenticationFilter@4dcbae55, org.springframework.security.web.session.SessionManagementFilter@7b25ab31, org.springframework.security.web.access.ExceptionTranslationFilter@61db86bf, org.springframework.security.web.access.intercept.FilterSecurityInterceptor@3a00b15d]
20:48:16,344INFO org.springframework.boot.actuate.autoconfigure.CrshAutoConfiguration$CrshBootstrapBean (125) - Configuring property auth.spring.roles=ACTUATOR from properties
20:48:16,347INFO org.crsh.plugin.PluginManager (57) - Loaded plugin Plugin[type=SSHPlugin,interface=SSHPlugin]
20:48:16,348INFO org.crsh.plugin.PluginManager (57) - Loaded plugin Plugin[type=SSHInlinePlugin,interface=CommandPlugin]
20:48:16,348INFO org.crsh.plugin.PluginManager (57) - Loaded plugin Plugin[type=KeyAuthenticationPlugin,interface=KeyAuthenticationPlugin]
20:48:16,385INFO org.crsh.plugin.PluginManager (57) - Loaded plugin Plugin[type=CronPlugin,interface=CronPlugin]
20:48:16,388INFO org.crsh.plugin.PluginManager (57) - Loaded plugin Plugin[type=MailPlugin,interface=MailPlugin]
20:48:16,388INFO org.crsh.plugin.PluginManager (57) - Loaded plugin Plugin[type=CRaSHShellFactory,interface=ShellFactory]
20:48:16,389INFO org.crsh.plugin.PluginManager (57) - Loaded plugin Plugin[type=GroovyLanguageProxy,interface=Language]
20:48:16,390INFO org.crsh.plugin.PluginManager (57) - Loaded plugin Plugin[type=JavaLanguage,interface=Language]
20:48:16,390INFO org.crsh.plugin.PluginManager (57) - Loaded plugin Plugin[type=ScriptLanguage,interface=Language]
20:48:16,391INFO org.crsh.plugin.PluginManager (57) - Loaded plugin Plugin[type=JaasAuthenticationPlugin,interface=AuthenticationPlugin]
20:48:16,391INFO org.crsh.plugin.PluginManager (57) - Loaded plugin Plugin[type=SimpleAuthenticationPlugin,interface=AuthenticationPlugin]
20:48:16,392INFO org.springframework.boot.actuate.autoconfigure.CrshAutoConfiguration$CrshBootstrapBean (125) - Configuring property ssh.port=2000 from properties
20:48:16,393INFO org.springframework.boot.actuate.autoconfigure.CrshAutoConfiguration$CrshBootstrapBean (125) - Configuring property ssh.auth_timeout=600000 from properties
20:48:16,393INFO org.springframework.boot.actuate.autoconfigure.CrshAutoConfiguration$CrshBootstrapBean (125) - Configuring property ssh.idle_timeout=600000 from properties
20:48:16,393INFO org.springframework.boot.actuate.autoconfigure.CrshAutoConfiguration$CrshBootstrapBean (125) - Configuring property ssh.default_encoding=UTF-8 from properties
20:48:16,393INFO org.springframework.boot.actuate.autoconfigure.CrshAutoConfiguration$CrshBootstrapBean (125) - Configuring property auth=spring from properties
20:48:16,400INFO org.crsh.plugin.PluginManager (84) - Initialized plugin Plugin[type=KeyAuthenticationPlugin,interface=KeyAuthenticationPlugin]
20:48:16,400INFO org.crsh.plugin.PluginManager (84) - Initialized plugin Plugin[type=JaasAuthenticationPlugin,interface=AuthenticationPlugin]
20:48:16,400INFO org.crsh.plugin.PluginManager (84) - Initialized plugin Plugin[type=SimpleAuthenticationPlugin,interface=AuthenticationPlugin]
20:48:16,401INFO org.crsh.plugin.PluginManager (84) - Initialized plugin Plugin[type=AuthenticationManagerAdapter,interface=AuthenticationPlugin]
20:48:16,401INFO org.crsh.ssh.SSHPlugin (185) - Booting SSHD
20:48:16,407INFO org.crsh.plugin.PluginManager (84) - Initialized plugin Plugin[type=GroovyLanguageProxy,interface=Language]
20:48:16,407INFO org.crsh.plugin.PluginManager (84) - Initialized plugin Plugin[type=JavaLanguage,interface=Language]
20:48:16,408INFO org.crsh.plugin.PluginManager (84) - Initialized plugin Plugin[type=ScriptLanguage,interface=Language]
20:48:16,410INFO org.crsh.plugin.PluginManager (84) - Initialized plugin Plugin[type=CRaSHShellFactory,interface=ShellFactory]
20:48:16,450INFO org.apache.sshd.common.util.SecurityUtils (113) - Trying to register BouncyCastle as a JCE provider
20:48:16,742INFO org.apache.sshd.common.util.SecurityUtils (117) - Registration succeeded
20:48:16,782INFO org.crsh.ssh.term.SSHLifeCycle (184) - About to start CRaSSHD
20:48:16,795INFO org.crsh.ssh.term.SSHLifeCycle (187) - CRaSSHD started on port 2000
20:48:16,795INFO org.crsh.plugin.PluginManager (84) - Initialized plugin Plugin[type=SSHPlugin,interface=SSHPlugin]
20:48:16,795INFO org.crsh.plugin.PluginManager (84) - Initialized plugin Plugin[type=SSHInlinePlugin,interface=CommandPlugin]
20:48:16,796INFO org.crsh.plugin.PluginManager (84) - Initialized plugin Plugin[type=CronPlugin,interface=CronPlugin]
20:48:16,796INFO org.crsh.plugin.PluginManager (84) - Initialized plugin Plugin[type=MailPlugin,interface=MailPlugin]
20:48:17,001INFO org.springframework.boot.actuate.endpoint.mvc.EndpointHandlerMapping (543) - Mapped "{[/heapdump || /heapdump.json],methods=[GET],produces=[application/octet-stream]}" onto public void org.springframework.boot.actuate.endpoint.mvc.HeapdumpMvcEndpoint.invoke(boolean,javax.servlet.http.HttpServletRequest,javax.servlet.http.HttpServletResponse) throws java.io.IOException,javax.servlet.ServletException
20:48:17,002INFO org.springframework.boot.actuate.endpoint.mvc.EndpointHandlerMapping (543) - Mapped "{[/actuator || /actuator.json],produces=[text/html]}" onto public java.lang.String org.springframework.boot.actuate.endpoint.mvc.HalBrowserMvcEndpoint.browse(javax.servlet.http.HttpServletRequest)
20:48:17,002INFO org.springframework.boot.actuate.endpoint.mvc.EndpointHandlerMapping (543) - Mapped "{[/actuator || /actuator.json],methods=[GET],produces=[application/vnd.spring-boot.actuator.v1+json || application/json]}" onto public org.springframework.hateoas.ResourceSupport org.springframework.boot.actuate.endpoint.mvc.HalJsonMvcEndpoint.links()
20:48:17,002INFO org.springframework.boot.actuate.endpoint.mvc.EndpointHandlerMapping (543) - Mapped "{[/trace || /trace.json],methods=[GET],produces=[application/vnd.spring-boot.actuator.v1+json || application/json]}" onto public java.lang.Object org.springframework.boot.actuate.endpoint.mvc.EndpointMvcAdapter.invoke()
20:48:17,004INFO org.springframework.boot.actuate.endpoint.mvc.EndpointHandlerMapping (543) - Mapped "{[/autoconfig || /autoconfig.json],methods=[GET],produces=[application/vnd.spring-boot.actuator.v1+json || application/json]}" onto public java.lang.Object org.springframework.boot.actuate.endpoint.mvc.EndpointMvcAdapter.invoke()
20:48:17,004INFO org.springframework.boot.actuate.endpoint.mvc.EndpointHandlerMapping (543) - Mapped "{[/health || /health.json],methods=[GET],produces=[application/vnd.spring-boot.actuator.v1+json || application/json]}" onto public java.lang.Object org.springframework.boot.actuate.endpoint.mvc.HealthMvcEndpoint.invoke(javax.servlet.http.HttpServletRequest,java.security.Principal)
20:48:17,005INFO org.springframework.boot.actuate.endpoint.mvc.EndpointHandlerMapping (543) - Mapped "{[/beans || /beans.json],methods=[GET],produces=[application/vnd.spring-boot.actuator.v1+json || application/json]}" onto public java.lang.Object org.springframework.boot.actuate.endpoint.mvc.EndpointMvcAdapter.invoke()
20:48:17,005INFO org.springframework.boot.actuate.endpoint.mvc.EndpointHandlerMapping (543) - Mapped "{[/kev/met/{name:.*}],methods=[GET],produces=[application/vnd.spring-boot.actuator.v1+json || application/json]}" onto public java.lang.Object org.springframework.boot.actuate.endpoint.mvc.MetricsMvcEndpoint.value(java.lang.String)
20:48:17,005INFO org.springframework.boot.actuate.endpoint.mvc.EndpointHandlerMapping (543) - Mapped "{[/kev/met || /kev/met.json],methods=[GET],produces=[application/vnd.spring-boot.actuator.v1+json || application/json]}" onto public java.lang.Object org.springframework.boot.actuate.endpoint.mvc.EndpointMvcAdapter.invoke()
20:48:17,007INFO org.springframework.boot.actuate.endpoint.mvc.EndpointHandlerMapping (543) - Mapped "{[/loggers/{name:.*}],methods=[GET],produces=[application/vnd.spring-boot.actuator.v1+json || application/json]}" onto public java.lang.Object org.springframework.boot.actuate.endpoint.mvc.LoggersMvcEndpoint.get(java.lang.String)
20:48:17,008INFO org.springframework.boot.actuate.endpoint.mvc.EndpointHandlerMapping (543) - Mapped "{[/loggers/{name:.*}],methods=[POST],consumes=[application/vnd.spring-boot.actuator.v1+json || application/json],produces=[application/vnd.spring-boot.actuator.v1+json || application/json]}" onto public java.lang.Object org.springframework.boot.actuate.endpoint.mvc.LoggersMvcEndpoint.set(java.lang.String,java.util.Map<java.lang.String, java.lang.String>)
20:48:17,008INFO org.springframework.boot.actuate.endpoint.mvc.EndpointHandlerMapping (543) - Mapped "{[/loggers || /loggers.json],methods=[GET],produces=[application/vnd.spring-boot.actuator.v1+json || application/json]}" onto public java.lang.Object org.springframework.boot.actuate.endpoint.mvc.EndpointMvcAdapter.invoke()
20:48:17,008INFO org.springframework.boot.actuate.endpoint.mvc.EndpointHandlerMapping (543) - Mapped "{[/info || /info.json],methods=[GET],produces=[application/vnd.spring-boot.actuator.v1+json || application/json]}" onto public java.lang.Object org.springframework.boot.actuate.endpoint.mvc.EndpointMvcAdapter.invoke()
20:48:17,009INFO org.springframework.boot.actuate.endpoint.mvc.EndpointHandlerMapping (543) - Mapped "{[/dump || /dump.json],methods=[GET],produces=[application/vnd.spring-boot.actuator.v1+json || application/json]}" onto public java.lang.Object org.springframework.boot.actuate.endpoint.mvc.EndpointMvcAdapter.invoke()
20:48:17,009INFO org.springframework.boot.actuate.endpoint.mvc.EndpointHandlerMapping (543) - Mapped "{[/env/{name:.*}],methods=[GET],produces=[application/vnd.spring-boot.actuator.v1+json || application/json]}" onto public java.lang.Object org.springframework.boot.actuate.endpoint.mvc.EnvironmentMvcEndpoint.value(java.lang.String)
20:48:17,010INFO org.springframework.boot.actuate.endpoint.mvc.EndpointHandlerMapping (543) - Mapped "{[/env || /env.json],methods=[GET],produces=[application/vnd.spring-boot.actuator.v1+json || application/json]}" onto public java.lang.Object org.springframework.boot.actuate.endpoint.mvc.EndpointMvcAdapter.invoke()
20:48:17,010INFO org.springframework.boot.actuate.endpoint.mvc.EndpointHandlerMapping (543) - Mapped "{[/auditevents || /auditevents.json],methods=[GET],produces=[application/vnd.spring-boot.actuator.v1+json || application/json]}" onto public org.springframework.http.ResponseEntity<?> org.springframework.boot.actuate.endpoint.mvc.AuditEventsMvcEndpoint.findByPrincipalAndAfterAndType(java.lang.String,java.util.Date,java.lang.String)
20:48:17,010INFO org.springframework.boot.actuate.endpoint.mvc.EndpointHandlerMapping (543) - Mapped "{[/logfile || /logfile.json],methods=[GET || HEAD]}" onto public void org.springframework.boot.actuate.endpoint.mvc.LogFileMvcEndpoint.invoke(javax.servlet.http.HttpServletRequest,javax.servlet.http.HttpServletResponse) throws javax.servlet.ServletException,java.io.IOException
20:48:17,011INFO org.springframework.boot.actuate.endpoint.mvc.EndpointHandlerMapping (543) - Mapped "{[/configprops || /configprops.json],methods=[GET],produces=[application/vnd.spring-boot.actuator.v1+json || application/json]}" onto public java.lang.Object org.springframework.boot.actuate.endpoint.mvc.EndpointMvcAdapter.invoke()
20:48:17,011INFO org.springframework.boot.actuate.endpoint.mvc.EndpointHandlerMapping (543) - Mapped "{[/mappings || /mappings.json],methods=[GET],produces=[application/vnd.spring-boot.actuator.v1+json || application/json]}" onto public java.lang.Object org.springframework.boot.actuate.endpoint.mvc.EndpointMvcAdapter.invoke()
20:48:17,137WARN org.springframework.boot.starter.remote.shell.RemoteShellStarterDeprecatedWarningAutoConfiguration (43) - spring-boot-starter-remote-shell is deprecated as of Spring Boot 1.5 and will be removed in Spring Boot 2.0
20:48:17,175INFO org.springframework.jmx.export.annotation.AnnotationMBeanExporter (431) - Registering beans for JMX exposure on startup
20:48:17,179INFO org.springframework.boot.actuate.endpoint.jmx.EndpointMBeanExporter (431) - Registering beans for JMX exposure on startup
20:48:17,182INFO org.springframework.context.support.DefaultLifecycleProcessor (341) - Starting beans in phase 0
20:48:17,184INFO org.springframework.boot.actuate.endpoint.jmx.EndpointMBeanExporter (679) - Located managed bean 'auditEventsEndpoint': registering with JMX server as MBean [org.springframework.boot:type=Endpoint,name=auditEventsEndpoint]
20:48:17,194INFO org.springframework.boot.actuate.endpoint.jmx.EndpointMBeanExporter (679) - Located managed bean 'requestMappingEndpoint': registering with JMX server as MBean [org.springframework.boot:type=Endpoint,name=requestMappingEndpoint]
20:48:17,200INFO org.springframework.boot.actuate.endpoint.jmx.EndpointMBeanExporter (679) - Located managed bean 'environmentEndpoint': registering with JMX server as MBean [org.springframework.boot:type=Endpoint,name=environmentEndpoint]
20:48:17,203INFO org.springframework.boot.actuate.endpoint.jmx.EndpointMBeanExporter (679) - Located managed bean 'healthEndpoint': registering with JMX server as MBean [org.springframework.boot:type=Endpoint,name=healthEndpoint]
20:48:17,205INFO org.springframework.boot.actuate.endpoint.jmx.EndpointMBeanExporter (679) - Located managed bean 'beansEndpoint': registering with JMX server as MBean [org.springframework.boot:type=Endpoint,name=beansEndpoint]
20:48:17,208INFO org.springframework.boot.actuate.endpoint.jmx.EndpointMBeanExporter (679) - Located managed bean 'infoEndpoint': registering with JMX server as MBean [org.springframework.boot:type=Endpoint,name=infoEndpoint]
20:48:17,210INFO org.springframework.boot.actuate.endpoint.jmx.EndpointMBeanExporter (679) - Located managed bean 'loggersEndpoint': registering with JMX server as MBean [org.springframework.boot:type=Endpoint,name=loggersEndpoint]
20:48:17,214INFO org.springframework.boot.actuate.endpoint.jmx.EndpointMBeanExporter (679) - Located managed bean 'metricsEndpoint': registering with JMX server as MBean [org.springframework.boot:type=Endpoint,name=metricsEndpoint]
20:48:17,216INFO org.springframework.boot.actuate.endpoint.jmx.EndpointMBeanExporter (679) - Located managed bean 'traceEndpoint': registering with JMX server as MBean [org.springframework.boot:type=Endpoint,name=traceEndpoint]
20:48:17,219INFO org.springframework.boot.actuate.endpoint.jmx.EndpointMBeanExporter (679) - Located managed bean 'dumpEndpoint': registering with JMX server as MBean [org.springframework.boot:type=Endpoint,name=dumpEndpoint]
20:48:17,220INFO org.springframework.boot.actuate.endpoint.jmx.EndpointMBeanExporter (679) - Located managed bean 'autoConfigurationReportEndpoint': registering with JMX server as MBean [org.springframework.boot:type=Endpoint,name=autoConfigurationReportEndpoint]
20:48:17,222INFO org.springframework.boot.actuate.endpoint.jmx.EndpointMBeanExporter (679) - Located managed bean 'configurationPropertiesReportEndpoint': registering with JMX server as MBean [org.springframework.boot:type=Endpoint,name=configurationPropertiesReportEndpoint]
20:48:17,231INFO org.apache.coyote.http11.Http11NioProtocol (180) - Starting ProtocolHandler ["http-nio-8010"]
20:48:17,239INFO org.apache.tomcat.util.net.NioSelectorPool (180) - Using a shared selector for servlet write/read
20:48:17,249INFO org.springframework.boot.context.embedded.tomcat.TomcatEmbeddedServletContainer (216) - Tomcat started on port(s): 8010 (http)
20:48:17,254INFO com.example.demo.DemoApplication (57) - Started DemoApplication in 3.738 seconds (JVM running for 4.469)
