20:49:37,062INFO com.example.demo.DemoApplication (48) - Starting DemoApplication on PC-20180315KZYH with PID 6136 (D:\idea\demo\target\classes started by Administrator in D:\idea\demo)
20:49:37,066INFO com.example.demo.DemoApplication (593) - No active profile set, falling back to default profiles: default
20:49:37,224INFO org.hibernate.validator.internal.util.Version (30) - HV000001: Hibernate Validator 5.3.6.Final
20:49:37,283INFO org.springframework.boot.context.embedded.AnnotationConfigEmbeddedWebApplicationContext (583) - Refreshing org.springframework.boot.context.embedded.AnnotationConfigEmbeddedWebApplicationContext@10d307f1: startup date [Wed May 23 20:49:37 CST 2018]; root of context hierarchy
20:49:37,726INFO org.springframework.beans.factory.support.DefaultListableBeanFactory (828) - Overriding bean definition for bean 'managementServletContext' with a different definition: replacing [Root bean: class [null]; scope=; abstract=false; lazyInit=false; autowireMode=3; dependencyCheck=0; autowireCandidate=true; primary=false; factoryBeanName=org.springframework.boot.actuate.autoconfigure.EndpointWebMvcHypermediaManagementContextConfiguration; factoryMethodName=managementServletContext; initMethodName=null; destroyMethodName=(inferred); defined in class path resource [org/springframework/boot/actuate/autoconfigure/EndpointWebMvcHypermediaManagementContextConfiguration.class]] with [Root bean: class [null]; scope=; abstract=false; lazyInit=false; autowireMode=3; dependencyCheck=0; autowireCandidate=true; primary=false; factoryBeanName=org.springframework.boot.actuate.autoconfigure.EndpointWebMvcAutoConfiguration; factoryMethodName=managementServletContext; initMethodName=null; destroyMethodName=(inferred); defined in class path resource [org/springframework/boot/actuate/autoconfigure/EndpointWebMvcAutoConfiguration.class]]
20:49:38,007INFO org.springframework.context.support.PostProcessorRegistrationDelegate$BeanPostProcessorChecker (327) - Bean 'org.springframework.ws.config.annotation.DelegatingWsConfiguration' of type [org.springframework.ws.config.annotation.DelegatingWsConfiguration$$EnhancerBySpringCGLIB$$daa52440] is not eligible for getting processed by all BeanPostProcessors (for example: not eligible for auto-proxying)
20:49:38,031INFO org.springframework.ws.soap.addressing.server.AnnotationActionEndpointMapping (236) - Supporting [WS-Addressing August 2004, WS-Addressing 1.0]
20:49:38,044INFO org.springframework.context.support.PostProcessorRegistrationDelegate$BeanPostProcessorChecker (327) - Bean 'org.springframework.transaction.annotation.ProxyTransactionManagementConfiguration' of type [org.springframework.transaction.annotation.ProxyTransactionManagementConfiguration$$EnhancerBySpringCGLIB$$360d5f41] is not eligible for getting processed by all BeanPostProcessors (for example: not eligible for auto-proxying)
20:49:38,309INFO org.springframework.boot.context.embedded.tomcat.TomcatEmbeddedServletContainer (92) - Tomcat initialized with port(s): 8010 (http)
20:49:38,318INFO org.apache.coyote.http11.Http11NioProtocol (180) - Initializing ProtocolHandler ["http-nio-8010"]
20:49:38,326INFO org.apache.catalina.core.StandardService (180) - Starting service [Tomcat]
20:49:38,326INFO org.apache.catalina.core.StandardEngine (180) - Starting Servlet Engine: Apache Tomcat/8.5.29
20:49:38,437INFO org.apache.catalina.core.ContainerBase.[Tomcat].[localhost].[/] (180) - Initializing Spring embedded WebApplicationContext
20:49:38,437INFO org.springframework.web.context.ContextLoader (276) - Root WebApplicationContext: initialization completed in 1156 ms
20:49:38,642INFO org.springframework.boot.web.servlet.FilterRegistrationBean (258) - Mapping filter: 'metricsFilter' to: [/*]
20:49:38,643INFO org.springframework.boot.web.servlet.FilterRegistrationBean (258) - Mapping filter: 'characterEncodingFilter' to: [/*]
20:49:38,643INFO org.springframework.boot.web.servlet.FilterRegistrationBean (258) - Mapping filter: 'hiddenHttpMethodFilter' to: [/*]
20:49:38,643INFO org.springframework.boot.web.servlet.FilterRegistrationBean (258) - Mapping filter: 'httpPutFormContentFilter' to: [/*]
20:49:38,643INFO org.springframework.boot.web.servlet.FilterRegistrationBean (258) - Mapping filter: 'requestContextFilter' to: [/*]
20:49:38,644INFO org.springframework.boot.web.servlet.DelegatingFilterProxyRegistrationBean (258) - Mapping filter: 'springSecurityFilterChain' to: [/*]
20:49:38,644INFO org.springframework.boot.web.servlet.FilterRegistrationBean (258) - Mapping filter: 'webRequestLoggingFilter' to: [/*]
20:49:38,644INFO org.springframework.boot.web.servlet.FilterRegistrationBean (258) - Mapping filter: 'applicationContextIdFilter' to: [/*]
20:49:38,644INFO org.springframework.boot.web.servlet.ServletRegistrationBean (190) - Mapping servlet: 'dispatcherServlet' to [/]
20:49:38,645INFO org.springframework.boot.web.servlet.ServletRegistrationBean (190) - Mapping servlet: 'messageDispatcherServlet' to [/services/*]
20:49:39,237INFO org.springframework.web.servlet.mvc.method.annotation.RequestMappingHandlerAdapter (534) - Looking for @ControllerAdvice: org.springframework.boot.context.embedded.AnnotationConfigEmbeddedWebApplicationContext@10d307f1: startup date [Wed May 23 20:49:37 CST 2018]; root of context hierarchy
20:49:39,245INFO org.springframework.web.servlet.mvc.method.annotation.RequestMappingHandlerAdapter (566) - Detected ResponseBodyAdvice bean in org.springframework.boot.actuate.autoconfigure.EndpointWebMvcHypermediaManagementContextConfiguration$ActuatorEndpointLinksAdvice
20:49:39,279INFO org.springframework.web.servlet.mvc.method.annotation.RequestMappingHandlerMapping (543) - Mapped "{[/hello],methods=[GET]}" onto public java.lang.String com.example.demo.controller.controllerImpl.HelloControllerImpl.hello()
20:49:39,281INFO org.springframework.web.servlet.mvc.method.annotation.RequestMappingHandlerMapping (543) - Mapped "{[/uc/login],methods=[GET]}" onto public java.util.Map<java.lang.String, java.lang.Object> com.example.demo.controller.controllerImpl.UserControllerImpl.userLogin(java.lang.String,java.lang.String)
20:49:39,282INFO org.springframework.web.servlet.mvc.method.annotation.RequestMappingHandlerMapping (543) - Mapped "{[/error]}" onto public org.springframework.http.ResponseEntity<java.util.Map<java.lang.String, java.lang.Object>> org.springframework.boot.autoconfigure.web.BasicErrorController.error(javax.servlet.http.HttpServletRequest)
20:49:39,282INFO org.springframework.web.servlet.mvc.method.annotation.RequestMappingHandlerMapping (543) - Mapped "{[/error],produces=[text/html]}" onto public org.springframework.web.servlet.ModelAndView org.springframework.boot.autoconfigure.web.BasicErrorController.errorHtml(javax.servlet.http.HttpServletRequest,javax.servlet.http.HttpServletResponse)
20:49:39,307INFO org.springframework.web.servlet.handler.SimpleUrlHandlerMapping (362) - Mapped URL path [/webjars/**] onto handler of type [class org.springframework.web.servlet.resource.ResourceHttpRequestHandler]
20:49:39,307INFO org.springframework.web.servlet.handler.SimpleUrlHandlerMapping (362) - Mapped URL path [/**] onto handler of type [class org.springframework.web.servlet.resource.ResourceHttpRequestHandler]
20:49:39,307INFO org.springframework.web.servlet.handler.SimpleUrlHandlerMapping (362) - Mapped URL path [/actuator/] onto handler of type [class org.springframework.web.servlet.resource.ResourceHttpRequestHandler]
20:49:39,307INFO org.springframework.web.servlet.handler.SimpleUrlHandlerMapping (362) - Mapped URL path [/actuator/**] onto handler of type [class org.springframework.web.servlet.resource.ResourceHttpRequestHandler]
20:49:39,319INFO org.springframework.web.servlet.mvc.method.annotation.ExceptionHandlerExceptionResolver (280) - Detected ResponseBodyAdvice implementation in org.springframework.boot.actuate.autoconfigure.EndpointWebMvcHypermediaManagementContextConfiguration$ActuatorEndpointLinksAdvice
20:49:39,335INFO org.springframework.web.servlet.handler.SimpleUrlHandlerMapping (362) - Mapped URL path [/**/favicon.ico] onto handler of type [class org.springframework.web.servlet.resource.ResourceHttpRequestHandler]
20:49:39,474INFO org.springframework.boot.autoconfigure.security.AuthenticationManagerConfiguration (173) - 

Using default security password: cf96012e-98e4-4ae0-be4c-efa0a0f3bb23

20:49:39,505INFO org.springframework.security.web.DefaultSecurityFilterChain (43) - Creating filter chain: OrRequestMatcher [requestMatchers=[Ant [pattern='/css/**'], Ant [pattern='/js/**'], Ant [pattern='/images/**'], Ant [pattern='/webjars/**'], Ant [pattern='/**/favicon.ico'], Ant [pattern='/error']]], []
20:49:39,506INFO org.springframework.security.web.DefaultSecurityFilterChain (43) - Creating filter chain: org.springframework.boot.actuate.autoconfigure.ManagementWebSecurityAutoConfiguration$LazyEndpointPathRequestMatcher@609319c3, []
20:49:39,558INFO org.springframework.security.web.DefaultSecurityFilterChain (43) - Creating filter chain: OrRequestMatcher [requestMatchers=[Ant [pattern='/**']]], [org.springframework.security.web.context.request.async.WebAsyncManagerIntegrationFilter@c02670f, org.springframework.security.web.context.SecurityContextPersistenceFilter@7b25ab31, org.springframework.security.web.header.HeaderWriterFilter@4da1f38a, org.springframework.security.web.authentication.logout.LogoutFilter@14447be, org.springframework.security.web.authentication.www.BasicAuthenticationFilter@51e3d37e, org.springframework.security.web.savedrequest.RequestCacheAwareFilter@68ddd415, org.springframework.security.web.servletapi.SecurityContextHolderAwareRequestFilter@36776c32, org.springframework.security.web.authentication.AnonymousAuthenticationFilter@71179b6f, org.springframework.security.web.session.SessionManagementFilter@5b000fe6, org.springframework.security.web.access.ExceptionTranslationFilter@51efb731, org.springframework.security.web.access.intercept.FilterSecurityInterceptor@1e225820]
20:49:39,618INFO org.springframework.boot.actuate.autoconfigure.CrshAutoConfiguration$CrshBootstrapBean (125) - Configuring property auth.spring.roles=ACTUATOR from properties
20:49:39,621INFO org.crsh.plugin.PluginManager (57) - Loaded plugin Plugin[type=SSHPlugin,interface=SSHPlugin]
20:49:39,622INFO org.crsh.plugin.PluginManager (57) - Loaded plugin Plugin[type=SSHInlinePlugin,interface=CommandPlugin]
20:49:39,622INFO org.crsh.plugin.PluginManager (57) - Loaded plugin Plugin[type=KeyAuthenticationPlugin,interface=KeyAuthenticationPlugin]
20:49:39,659INFO org.crsh.plugin.PluginManager (57) - Loaded plugin Plugin[type=CronPlugin,interface=CronPlugin]
20:49:39,662INFO org.crsh.plugin.PluginManager (57) - Loaded plugin Plugin[type=MailPlugin,interface=MailPlugin]
20:49:39,662INFO org.crsh.plugin.PluginManager (57) - Loaded plugin Plugin[type=CRaSHShellFactory,interface=ShellFactory]
20:49:39,663INFO org.crsh.plugin.PluginManager (57) - Loaded plugin Plugin[type=GroovyLanguageProxy,interface=Language]
20:49:39,664INFO org.crsh.plugin.PluginManager (57) - Loaded plugin Plugin[type=JavaLanguage,interface=Language]
20:49:39,664INFO org.crsh.plugin.PluginManager (57) - Loaded plugin Plugin[type=ScriptLanguage,interface=Language]
20:49:39,665INFO org.crsh.plugin.PluginManager (57) - Loaded plugin Plugin[type=JaasAuthenticationPlugin,interface=AuthenticationPlugin]
20:49:39,666INFO org.crsh.plugin.PluginManager (57) - Loaded plugin Plugin[type=SimpleAuthenticationPlugin,interface=AuthenticationPlugin]
20:49:39,668INFO org.springframework.boot.actuate.autoconfigure.CrshAutoConfiguration$CrshBootstrapBean (125) - Configuring property ssh.port=2000 from properties
20:49:39,668INFO org.springframework.boot.actuate.autoconfigure.CrshAutoConfiguration$CrshBootstrapBean (125) - Configuring property ssh.auth_timeout=600000 from properties
20:49:39,668INFO org.springframework.boot.actuate.autoconfigure.CrshAutoConfiguration$CrshBootstrapBean (125) - Configuring property ssh.idle_timeout=600000 from properties
20:49:39,668INFO org.springframework.boot.actuate.autoconfigure.CrshAutoConfiguration$CrshBootstrapBean (125) - Configuring property ssh.default_encoding=UTF-8 from properties
20:49:39,668INFO org.springframework.boot.actuate.autoconfigure.CrshAutoConfiguration$CrshBootstrapBean (125) - Configuring property auth=spring from properties
20:49:39,676INFO org.crsh.plugin.PluginManager (84) - Initialized plugin Plugin[type=KeyAuthenticationPlugin,interface=KeyAuthenticationPlugin]
20:49:39,676INFO org.crsh.plugin.PluginManager (84) - Initialized plugin Plugin[type=JaasAuthenticationPlugin,interface=AuthenticationPlugin]
20:49:39,676INFO org.crsh.plugin.PluginManager (84) - Initialized plugin Plugin[type=SimpleAuthenticationPlugin,interface=AuthenticationPlugin]
20:49:39,676INFO org.crsh.plugin.PluginManager (84) - Initialized plugin Plugin[type=AuthenticationManagerAdapter,interface=AuthenticationPlugin]
20:49:39,676INFO org.crsh.ssh.SSHPlugin (185) - Booting SSHD
20:49:39,682INFO org.crsh.plugin.PluginManager (84) - Initialized plugin Plugin[type=GroovyLanguageProxy,interface=Language]
20:49:39,683INFO org.crsh.plugin.PluginManager (84) - Initialized plugin Plugin[type=JavaLanguage,interface=Language]
20:49:39,683INFO org.crsh.plugin.PluginManager (84) - Initialized plugin Plugin[type=ScriptLanguage,interface=Language]
20:49:39,686INFO org.crsh.plugin.PluginManager (84) - Initialized plugin Plugin[type=CRaSHShellFactory,interface=ShellFactory]
20:49:39,730INFO org.apache.sshd.common.util.SecurityUtils (113) - Trying to register BouncyCastle as a JCE provider
20:49:40,013INFO org.apache.sshd.common.util.SecurityUtils (117) - Registration succeeded
20:49:40,049INFO org.crsh.ssh.term.SSHLifeCycle (184) - About to start CRaSSHD
20:49:40,060INFO org.crsh.ssh.term.SSHLifeCycle (187) - CRaSSHD started on port 2000
20:49:40,060INFO org.crsh.plugin.PluginManager (84) - Initialized plugin Plugin[type=SSHPlugin,interface=SSHPlugin]
20:49:40,061INFO org.crsh.plugin.PluginManager (84) - Initialized plugin Plugin[type=SSHInlinePlugin,interface=CommandPlugin]
20:49:40,061INFO org.crsh.plugin.PluginManager (84) - Initialized plugin Plugin[type=CronPlugin,interface=CronPlugin]
20:49:40,061INFO org.crsh.plugin.PluginManager (84) - Initialized plugin Plugin[type=MailPlugin,interface=MailPlugin]
20:49:40,266INFO org.springframework.boot.actuate.endpoint.mvc.EndpointHandlerMapping (543) - Mapped "{[/auditevents || /auditevents.json],methods=[GET],produces=[application/vnd.spring-boot.actuator.v1+json || application/json]}" onto public org.springframework.http.ResponseEntity<?> org.springframework.boot.actuate.endpoint.mvc.AuditEventsMvcEndpoint.findByPrincipalAndAfterAndType(java.lang.String,java.util.Date,java.lang.String)
20:49:40,266INFO org.springframework.boot.actuate.endpoint.mvc.EndpointHandlerMapping (543) - Mapped "{[/configprops || /configprops.json],methods=[GET],produces=[application/vnd.spring-boot.actuator.v1+json || application/json]}" onto public java.lang.Object org.springframework.boot.actuate.endpoint.mvc.EndpointMvcAdapter.invoke()
20:49:40,267INFO org.springframework.boot.actuate.endpoint.mvc.EndpointHandlerMapping (543) - Mapped "{[/mappings || /mappings.json],methods=[GET],produces=[application/vnd.spring-boot.actuator.v1+json || application/json]}" onto public java.lang.Object org.springframework.boot.actuate.endpoint.mvc.EndpointMvcAdapter.invoke()
20:49:40,268INFO org.springframework.boot.actuate.endpoint.mvc.EndpointHandlerMapping (543) - Mapped "{[/loggers/{name:.*}],methods=[GET],produces=[application/vnd.spring-boot.actuator.v1+json || application/json]}" onto public java.lang.Object org.springframework.boot.actuate.endpoint.mvc.LoggersMvcEndpoint.get(java.lang.String)
20:49:40,268INFO org.springframework.boot.actuate.endpoint.mvc.EndpointHandlerMapping (543) - Mapped "{[/loggers/{name:.*}],methods=[POST],consumes=[application/vnd.spring-boot.actuator.v1+json || application/json],produces=[application/vnd.spring-boot.actuator.v1+json || application/json]}" onto public java.lang.Object org.springframework.boot.actuate.endpoint.mvc.LoggersMvcEndpoint.set(java.lang.String,java.util.Map<java.lang.String, java.lang.String>)
20:49:40,269INFO org.springframework.boot.actuate.endpoint.mvc.EndpointHandlerMapping (543) - Mapped "{[/loggers || /loggers.json],methods=[GET],produces=[application/vnd.spring-boot.actuator.v1+json || application/json]}" onto public java.lang.Object org.springframework.boot.actuate.endpoint.mvc.EndpointMvcAdapter.invoke()
20:49:40,269INFO org.springframework.boot.actuate.endpoint.mvc.EndpointHandlerMapping (543) - Mapped "{[/health || /health.json],methods=[GET],produces=[application/vnd.spring-boot.actuator.v1+json || application/json]}" onto public java.lang.Object org.springframework.boot.actuate.endpoint.mvc.HealthMvcEndpoint.invoke(javax.servlet.http.HttpServletRequest,java.security.Principal)
20:49:40,270INFO org.springframework.boot.actuate.endpoint.mvc.EndpointHandlerMapping (543) - Mapped "{[/dump || /dump.json],methods=[GET],produces=[application/vnd.spring-boot.actuator.v1+json || application/json]}" onto public java.lang.Object org.springframework.boot.actuate.endpoint.mvc.EndpointMvcAdapter.invoke()
20:49:40,270INFO org.springframework.boot.actuate.endpoint.mvc.EndpointHandlerMapping (543) - Mapped "{[/env/{name:.*}],methods=[GET],produces=[application/vnd.spring-boot.actuator.v1+json || application/json]}" onto public java.lang.Object org.springframework.boot.actuate.endpoint.mvc.EnvironmentMvcEndpoint.value(java.lang.String)
20:49:40,270INFO org.springframework.boot.actuate.endpoint.mvc.EndpointHandlerMapping (543) - Mapped "{[/env || /env.json],methods=[GET],produces=[application/vnd.spring-boot.actuator.v1+json || application/json]}" onto public java.lang.Object org.springframework.boot.actuate.endpoint.mvc.EndpointMvcAdapter.invoke()
20:49:40,271INFO org.springframework.boot.actuate.endpoint.mvc.EndpointHandlerMapping (543) - Mapped "{[/heapdump || /heapdump.json],methods=[GET],produces=[application/octet-stream]}" onto public void org.springframework.boot.actuate.endpoint.mvc.HeapdumpMvcEndpoint.invoke(boolean,javax.servlet.http.HttpServletRequest,javax.servlet.http.HttpServletResponse) throws java.io.IOException,javax.servlet.ServletException
20:49:40,271INFO org.springframework.boot.actuate.endpoint.mvc.EndpointHandlerMapping (543) - Mapped "{[/beans || /beans.json],methods=[GET],produces=[application/vnd.spring-boot.actuator.v1+json || application/json]}" onto public java.lang.Object org.springframework.boot.actuate.endpoint.mvc.EndpointMvcAdapter.invoke()
20:49:40,272INFO org.springframework.boot.actuate.endpoint.mvc.EndpointHandlerMapping (543) - Mapped "{[/info || /info.json],methods=[GET],produces=[application/vnd.spring-boot.actuator.v1+json || application/json]}" onto public java.lang.Object org.springframework.boot.actuate.endpoint.mvc.EndpointMvcAdapter.invoke()
20:49:40,272INFO org.springframework.boot.actuate.endpoint.mvc.EndpointHandlerMapping (543) - Mapped "{[/kev/met/{name:.*}],methods=[GET],produces=[application/vnd.spring-boot.actuator.v1+json || application/json]}" onto public java.lang.Object org.springframework.boot.actuate.endpoint.mvc.MetricsMvcEndpoint.value(java.lang.String)
20:49:40,272INFO org.springframework.boot.actuate.endpoint.mvc.EndpointHandlerMapping (543) - Mapped "{[/kev/met || /kev/met.json],methods=[GET],produces=[application/vnd.spring-boot.actuator.v1+json || application/json]}" onto public java.lang.Object org.springframework.boot.actuate.endpoint.mvc.EndpointMvcAdapter.invoke()
20:49:40,273INFO org.springframework.boot.actuate.endpoint.mvc.EndpointHandlerMapping (543) - Mapped "{[/logfile || /logfile.json],methods=[GET || HEAD]}" onto public void org.springframework.boot.actuate.endpoint.mvc.LogFileMvcEndpoint.invoke(javax.servlet.http.HttpServletRequest,javax.servlet.http.HttpServletResponse) throws javax.servlet.ServletException,java.io.IOException
20:49:40,273INFO org.springframework.boot.actuate.endpoint.mvc.EndpointHandlerMapping (543) - Mapped "{[/autoconfig || /autoconfig.json],methods=[GET],produces=[application/vnd.spring-boot.actuator.v1+json || application/json]}" onto public java.lang.Object org.springframework.boot.actuate.endpoint.mvc.EndpointMvcAdapter.invoke()
20:49:40,274INFO org.springframework.boot.actuate.endpoint.mvc.EndpointHandlerMapping (543) - Mapped "{[/actuator || /actuator.json],produces=[text/html]}" onto public java.lang.String org.springframework.boot.actuate.endpoint.mvc.HalBrowserMvcEndpoint.browse(javax.servlet.http.HttpServletRequest)
20:49:40,274INFO org.springframework.boot.actuate.endpoint.mvc.EndpointHandlerMapping (543) - Mapped "{[/actuator || /actuator.json],methods=[GET],produces=[application/vnd.spring-boot.actuator.v1+json || application/json]}" onto public org.springframework.hateoas.ResourceSupport org.springframework.boot.actuate.endpoint.mvc.HalJsonMvcEndpoint.links()
20:49:40,274INFO org.springframework.boot.actuate.endpoint.mvc.EndpointHandlerMapping (543) - Mapped "{[/trace || /trace.json],methods=[GET],produces=[application/vnd.spring-boot.actuator.v1+json || application/json]}" onto public java.lang.Object org.springframework.boot.actuate.endpoint.mvc.EndpointMvcAdapter.invoke()
20:49:40,398WARN org.springframework.boot.starter.remote.shell.RemoteShellStarterDeprecatedWarningAutoConfiguration (43) - spring-boot-starter-remote-shell is deprecated as of Spring Boot 1.5 and will be removed in Spring Boot 2.0
20:49:40,436INFO org.springframework.jmx.export.annotation.AnnotationMBeanExporter (431) - Registering beans for JMX exposure on startup
20:49:40,440INFO org.springframework.boot.actuate.endpoint.jmx.EndpointMBeanExporter (431) - Registering beans for JMX exposure on startup
20:49:40,444INFO org.springframework.context.support.DefaultLifecycleProcessor (341) - Starting beans in phase 0
20:49:40,445INFO org.springframework.boot.actuate.endpoint.jmx.EndpointMBeanExporter (679) - Located managed bean 'auditEventsEndpoint': registering with JMX server as MBean [org.springframework.boot:type=Endpoint,name=auditEventsEndpoint]
20:49:40,455INFO org.springframework.boot.actuate.endpoint.jmx.EndpointMBeanExporter (679) - Located managed bean 'requestMappingEndpoint': registering with JMX server as MBean [org.springframework.boot:type=Endpoint,name=requestMappingEndpoint]
20:49:40,461INFO org.springframework.boot.actuate.endpoint.jmx.EndpointMBeanExporter (679) - Located managed bean 'environmentEndpoint': registering with JMX server as MBean [org.springframework.boot:type=Endpoint,name=environmentEndpoint]
20:49:40,466INFO org.springframework.boot.actuate.endpoint.jmx.EndpointMBeanExporter (679) - Located managed bean 'healthEndpoint': registering with JMX server as MBean [org.springframework.boot:type=Endpoint,name=healthEndpoint]
20:49:40,469INFO org.springframework.boot.actuate.endpoint.jmx.EndpointMBeanExporter (679) - Located managed bean 'beansEndpoint': registering with JMX server as MBean [org.springframework.boot:type=Endpoint,name=beansEndpoint]
20:49:40,471INFO org.springframework.boot.actuate.endpoint.jmx.EndpointMBeanExporter (679) - Located managed bean 'infoEndpoint': registering with JMX server as MBean [org.springframework.boot:type=Endpoint,name=infoEndpoint]
20:49:40,473INFO org.springframework.boot.actuate.endpoint.jmx.EndpointMBeanExporter (679) - Located managed bean 'loggersEndpoint': registering with JMX server as MBean [org.springframework.boot:type=Endpoint,name=loggersEndpoint]
20:49:40,478INFO org.springframework.boot.actuate.endpoint.jmx.EndpointMBeanExporter (679) - Located managed bean 'metricsEndpoint': registering with JMX server as MBean [org.springframework.boot:type=Endpoint,name=metricsEndpoint]
20:49:40,480INFO org.springframework.boot.actuate.endpoint.jmx.EndpointMBeanExporter (679) - Located managed bean 'traceEndpoint': registering with JMX server as MBean [org.springframework.boot:type=Endpoint,name=traceEndpoint]
20:49:40,482INFO org.springframework.boot.actuate.endpoint.jmx.EndpointMBeanExporter (679) - Located managed bean 'dumpEndpoint': registering with JMX server as MBean [org.springframework.boot:type=Endpoint,name=dumpEndpoint]
20:49:40,483INFO org.springframework.boot.actuate.endpoint.jmx.EndpointMBeanExporter (679) - Located managed bean 'autoConfigurationReportEndpoint': registering with JMX server as MBean [org.springframework.boot:type=Endpoint,name=autoConfigurationReportEndpoint]
20:49:40,484INFO org.springframework.boot.actuate.endpoint.jmx.EndpointMBeanExporter (679) - Located managed bean 'configurationPropertiesReportEndpoint': registering with JMX server as MBean [org.springframework.boot:type=Endpoint,name=configurationPropertiesReportEndpoint]
20:49:40,494INFO org.apache.coyote.http11.Http11NioProtocol (180) - Starting ProtocolHandler ["http-nio-8010"]
20:49:40,502INFO org.apache.tomcat.util.net.NioSelectorPool (180) - Using a shared selector for servlet write/read
20:49:40,512INFO org.springframework.boot.context.embedded.tomcat.TomcatEmbeddedServletContainer (216) - Tomcat started on port(s): 8010 (http)
20:49:40,516INFO com.example.demo.DemoApplication (57) - Started DemoApplication in 3.686 seconds (JVM running for 4.449)
